<?xml version="1.0" encoding="UTF-8"?>
<!-- Generated by org.testng.reporters.JUnitReportReporter -->
<testsuite skipped="0" hostname="RB-PC" name="com.CRM.TestCases.LoginTestCRM" tests="1" failures="0" timestamp="17 May 2021 07:27:24 GMT" time="21.889" errors="0">
  <testcase name="loginApp" time="21.889" classname="com.CRM.TestCases.LoginTestCRM"/>
</testsuite> <!-- com.CRM.TestCases.LoginTestCRM -->
